it 32
was 50
frank 37
s 9
bad 2
leg 2
that 23
woke 1
him 10
paining 1
worse 1
than 6
ever 5
in 29
his 38
old 4
age 1
he 41
got 1
up 6
and 69
limped 3
downstairs 1
into 13
the 182
kitchen 3
with 14
idea 3
of 62
refilling 1
hot 2
water 2
bottle 4
to 62
ease 1
stiffness 1
knee 1
standing 2
at 18
sink 1
filling 1
kettle 2
looked 1
riddle 2
house 6
saw 3
lights 1
glimmering 1
its 4
upper 1
windows 3
knew 2
once 6
what 7
going 4
on 16
boys 1
had 21
broken 2
again 7
judging 1
by 8
flickering 2
quality 1
light 3
they 3
started 3
a 54
fire 15
no 10
telephone 2
any 6
case 2
deeply 2
mistrusted 1
police 3
since 1
taken 1
for 18
questioning 2
about 3
riddles 1
deaths 1
put 3
down 2
hurried 1
back 12
upstairs 1
as 19
fast 1
would 15
allow 2
soon 1
fully 1
dressed 1
removing 1
rusty 1
key 2
from 10
hook 1
door 12
picked 1
walking 6
stick 7
which 3
propped 1
against 1
wall 1
set 2
off 1
night 2
front 2
bore 1
sign 1
being 4
forced 1
nor 1
did 1
around 1
until 2
reached 2
almost 2
completely 1
hidden 1
ivy 1
took 2
out 7
lock 1
opened 1
noiselessly 1
let 1
himself 5
cavernous 1
not 15
entered 1
many 2
years 2
nevertheless 1
although 1
very 7
dark 3
remembered 1
where 7
hall 2
groped 1
way 1
toward 3
nostrils 1
full 2
smell 1
decay 1
ears 1
pricked 1
sound 2
footsteps 2
or 3
voices 1
overhead 1
little 5
lighter 1
owing 2
large 1
mullioned 1
either 1
side 1
climb 1
stairs 1
blessingthe 1
dust 2
lay 1
thick 2
upon 4
stone 1
because 3
muffled 1
feet 3
pa 1
g 1
e 1
harry 15
potter 15
goblet 9
j 9
k 9
rowling 9
landing 1
turned 3
right 3
intruders 1
were 5
end 2
passage 1
stood 3
ajar 1
shone 1
through 4
gap 2
casting 1
long 6
sliver 2
gold 1
across 2
black 2
floor 4
edged 1
closer 6
grasping 1
firmly 1
several 1
entrance 1
able 1
see 5
narrow 1
slice 1
room 9
beyond 2
now 9
been 4
lit 1
grate 1
this 10
surprised 1
then 11
stopped 2
moving 1
listened 2
intently 1
man 12
voice 30
spoke 4
within 1
sounded 3
timid 1
fearful 1
there 11
is 20
more 17
my 24
lord 15
if 14
you 55
are 9
still 6
hungry 1
later 1
said 24
second 11
too 3
belonged 1
but 12
strangely 1
high 1
pitched 1
cold 15
sudden 2
blast 1
icy 1
wind 1
something 4
thatvoice 1
made 4
sparse 1
hairs 1
neck 1
stand 1
move 2
me 17
wormtail 33
ear 5
better 1
hear 4
came 1
clink 1
some 4
hard 2
surface 1
dull 1
scraping 1
noise 1
heavy 1
chair 2
dragged 1
caught 2
glimpse 1
small 2
pushing 1
place 2
wearing 1
cloak 1
bald 1
patch 1
head 4
went 1
sight 1
nagini 5
i 61
don 4
t 9
know 5
first 1
nervously 1
she 6
explore 1
think 3
page 7
will 16
milk 2
her 8
before 7
we 8
retire 1
need 4
feeding 2
journey 2
has 5
tired 1
greatly 1
brow 1
furrowed 1
inclined 1
good 2
listening 3
pause 3
called 1
may 1
ask 1
how 3
stay 1
here 5
week 1
perhaps 2
longer 1
moderately 1
comfortable 1
plan 6
cannot 1
proceed 2
yet 2
be 21
foolish 1
act 1
quidditch 3
world 4
cup 3
over 5
inserted 1
gnarled 1
finger 2
rotated 1
doubt 1
buildup 1
earwax 1
heard 6
word 3
all 8
dug 1
vigorously 1
forgive 1
do 10
understand 2
why 2
should 1
wait 2
fool 1
moment 1
wizards 3
pouring 1
country 1
every 3
meddler 1
ministry 5
magic 3
duty 1
watch 1
signs 1
unusual 1
activity 1
checking 2
double 1
identities 1
obsessed 1
security 1
lest 1
muggles 2
noticeanything 1
so 8
trying 2
clear 2
distinctly 1
words 2
plainly 1
each 1
these 1
expressions 1
meant 1
secret 1
could 12
only 4
two 3
sorts 1
people 1
who 5
speak 2
code 1
spies 1
criminals 1
tightened 1
hold 1
closely 1
your 7
lordship 2
determined 2
quietly 4
certainly 1
am 6
note 1
menace 1
slight 1
followed 1
tumbling 1
rush 1
though 4
forcing 1
say 3
lost 1
nerve 1
done 3
without 7
another 3
protracted 1
breathed 2
softly 1
concern 1
boy 5
rising 1
squeakily 1
nothing 6
merely 1
use 4
witch 1
wizard 6
thing 1
much 2
quickly 1
allowed 1
leave 2
short 2
while 1
can 3
disguise 1
myself 2
most 1
effectively 1
days 2
suitable 1
person 1
voicesoftly 1
true 2
makes 1
sense 1
sounding 2
thoroughly 1
relieved 1
laying 1
hands 1
difficult 1
well 2
protected 1
volunteer 1
go 4
fetch 1
asubstitute 1
wonder 1
task 2
nursing 1
become 1
wearisome 1
suggestion 1
abandoning 1
an 6
attempt 1
desert 1
have 16
wish 3
none 1
lie 1
hissed 1
always 2
tell 2
regretting 1
returned 1
revolt 1
flinch 1
when 5
look 2
feel 2
shudder 1
touch 1
devotion 2
cowardice 1
anywhere 1
else 2
survive 1
few 4
hours 1
seem 2
stronger 2
liar 2
alone 2
enough 2
rob 1
health 1
regained 1
under 1
clumsy 1
care 1
silence 1
sputtering 1
incoherently 1
fell 1
silent 1
seconds 2
crackling 1
whisper 1
hiss 2
reasons 1
using 1
already 1
explained 1
other 2
waited 1
thirteen 1
months 1
make 1
difference 1
protection 1
surrounding 1
believe 1
effective 1
needed 1
courage 2
find 1
unless 1
extent 1
voldemort 1
wrath 1
must 3
panic 1
our 3
gone 3
bertha 4
jorkins 3
disappearance 1
unnoticed 1
murder 4
whispered 1
follow 1
never 4
anyone 1
died 1
fuss 1
present 1
condition 1
come 4
one 3
death 1
path 1
asking 1
time 3
faithful 3
servant 4
rejoined 1
us 1
merest 1
trace 1
sullenness 1
somebody 2
brains 1
whose 1
loyalty 1
wavered 1
unfortunately 1
fulfill 1
neither 1
requirement 1
found 3
definitely 1
sulky 1
edge 1
brought 1
amused 1
stroke 1
brilliance 1
thought 3
possible 1
truth 1
told 2
aware 1
useful 3
might 2
cruel 1
amusement 2
pronounced 1
however 1
deny 1
information 2
invaluable 1
formed 1
andfor 1
reward 1
perform 2
essential 1
onethat 1
followers 1
give 1
their 1
righthands 1
r 1
really 1
terrified 1
ah 1
want 2
spoil 1
surprise 1
part 1
promise 1
honor 1
just 1
suddenly 2
hoarse 1
mouth 1
dry 1
kill 3
silkily 1
killed 2
fit 2
after 1
quite 1
useless 1
awkward 1
questions 1
asked 1
news 2
met 1
holidays 1
supposed 1
dead 1
run 1
witches 1
wayside 1
inns 1
muttered 1
laugh 2
entirely 1
mirthless 1
speech 1
modified 1
memory 3
charms 1
powerful 1
proved 1
questioned 1
insult 1
extracted 1
corridor 2
became 1
awarethat 1
hand 3
gripping 1
slippery 1
sweat 2
woman 1
talking 1
kind 1
remorse 1
dangerous 1
madman 1
planning 2
murders 1
whoever 1
danger 1
creep 1
straight 1
box 1
village 1
speaking 1
remained 1
frozen 1
spot 1
hogwarts 1
mine 1
decided 1
argument 1
quiet 1
changed 1
making 1
noises 2
such 1
hissing 2
spitting 2
drawing 1
breath 1
having 1
sort 2
seizure 1
movement 1
behind 1
passageway 1
paralyzed 1
fright 1
slithering 1
along 1
drew 1
nearer 1
firelight 1
realized 1
thrill 1
terror 1
gigantic 1
snake 4
least 1
twelve 1
horrified 1
transfixed 1
stared 2
undulating 1
body 1
cut 1
wide 2
curving 1
track 1
coming 2
means 2
escape 1
men 1
sat 1
plotting 1
stayed 1
surely 1
decision 1
level 1
incredibly 1
miraculously 1
passing 1
following 1
tip 1
diamond 1
patterned 1
tail 1
vanished 1
forehead 1
trembling 1
inside 4
continuing 1
visited 1
strange 1
impossible 1
talk 1
snakes 1
didn 3
wanted 1
anything 1
bed 1
problem 1
legs 1
shaking 1
master 1
switched 1
abruptly 1
english 1
interesting 1
indeed 2
yes 1
according 1
muggle 3
outside 1
chance 1
hide 1
flung 1
open 1
balding 1
graying 1
hair 1
pointed 1
nose 1
watery 1
eyes 1
mixture 1
fear 1
alarm 1
face 1
invite 1
manners 1
ancient 1
armchair 2
couldn 2
speaker 1
curled 1
rotting 1
hearth 1
rug 1
like 1
horrible 1
travesty 1
pet 1
dog 1
beckoned 1
shaken 1
firmer 1
grip 1
threshold 1
source 1
cast 1
spidery 1
shadows 1
walls 1
seemed 1
even 2
smaller 1
everything 1
re 2
calling 2
defiantly 1
action 1
felt 1
braver 1
war 1
coolly 1
mean 1
growing 1
steadier 1
ve 2
interest 1
tonight 1
ll 1
added 1
inspiration 1
wife 2
knows 2
m 1
nobody 2
