rowling 10
ve 6
muggle 2
charmable 1
mr 16
percy 5
ll 6
britain 1
ali 1
axminster 1
barty 4
portkeys 1
weasley 10
hogwarts 2
bulgarians 1
weatherby 2
undrunk 1
disapparated 1
fred 3
apparating 1
bulgarian 4
firebolts 1
ron 9
hermione 5
viktor 1
krum 2
omnioculars 4
saleswizard 1
hadn 1
christmas 1
oooh 1
irish 1
george 1
quidditch 1
lanternlit 1
couldn 1
muggles 1
arthur 1
weasleys 1
mrs 1
skower 1
gladrags 1
wizardwear 1
london 1
paris 1
hogsmeade 1
batlike 1
wasn 1
malfoy 1
winky 10
shouldn 1
aren 1
cornelius 2
didn 1
